{23/10/2011 01:00:00} - Peter entered the mob

{23/10/2011 01:01:40} - Maria entered the mob

{23/10/2011 01:02:30} - Officer Angelina entered the mob

{23/10/2011 01:03:20} - George entered the mob

{23/10/2011 01:04:10} - Eveline entered the mob

{23/10/2011 01:05:00} - Petr entered the queue
{23/10/2011 01:05:00} - Maria entered the queue
{23/10/2011 01:05:00} - Officer Angelina entered the queue
{23/10/2011 01:05:00} - George entered the queue
{23/10/2011 01:05:00} - Eveline entered the queue
{23/10/2011 01:05:00} - Bob entered the mob

{23/10/2011 01:05:50} - George failed to bribe Angelina
{23/10/2011 01:05:50} - Angelina arrested George
{23/10/2011 01:05:50} - George left the queue
{23/10/2011 01:05:50} - George earned 0 GBP
{23/10/2011 01:05:50} - Officer Angeline left the queue
{23/10/2011 01:05:50} - Angeline earned 0 GBP

{23/10/2011 01:06:40} - Evelyn entered Koko
{23/10/2011 01:06:40} - Peter entered Koko
{23/10/2011 01:06:40} - Maria entered Koko
{23/10/2011 01:06:40} - Bob entered the mob

{23/10/2011 01:07:30} - Steve entered the mob

{23/10/2011 01:08:20} - Lucas entered the mob

{23/10/2011 01:09:10} - Peter left the club

{23/10/2011 01:10:00} - Karina entered the mob

{23/10/2011 01:10:50} - Officer Dog entered the mob

{23/10/2011 01:11:40} - Bob entered the queue
{23/10/2011 01:11:40} - Steve entered the queue
{23/10/2011 01:11:40} - Lucas entered the queue
{23/10/2011 01:11:40} - Karina entered the queue
{23/10/2011 01:11:40} - Officer Dog entered the queue
{23/10/2011 01:11:40} - Wulf entered the mob

{23/10/2011 01:12:30} - Bob gave a bribe of 41 GBP to Dog and has not been arrested
{23/10/2011 01:12:30} - Steve entered Koko
{23/10/2011 01:12:30} - Lucas entered Koko
{23/10/2011 01:12:30} - Karina entered the mob

{23/10/2011 01:13:20} - Bob entered the mob
{23/10/2011 01:13:20} - Evelyn earned 0 GBP
